<?xml version="1.0" encoding="UTF-8"?>
<!-- Generated by org.testng.reporters.JUnitReportReporter -->
<testsuite skipped="0" hostname="TYSS-Aishwarya" name="MyntraTestCases.Myntra2Test" tests="1" failures="0" timestamp="2022-09-01T16:22:28 IST" time="95.002" errors="0">
  <testcase name="Myntra2TC" time="95.002" classname="MyntraTestCases.Myntra2Test"/>
  <system-out>
    <![CDATA[Enter the OTP
TestCase 2 is success]]>
  </system-out>
</testsuite> <!-- MyntraTestCases.Myntra2Test -->
