<?xml version="1.0" encoding="UTF-8"?>
<!-- Generated by org.testng.reporters.JUnitReportReporter -->
<testsuite hostname="TYSS-Aishwarya" failures="0" tests="1" name="MyntraTestCases.Myntra1Test" time="54.116" errors="0" timestamp="2022-08-24T18:56:21 IST" skipped="0">
  <testcase classname="MyntraTestCases.Myntra1Test" name="ScenarioTestCases" time="54.116"/>
  <system-out>
    <![CDATA[Prod success
placeorder button success
TestCase 1 is success]]>
  </system-out>
</testsuite> <!-- MyntraTestCases.Myntra1Test -->
