<?xml version="1.0" encoding="UTF-8"?>
<!-- Generated by org.testng.reporters.JUnitReportReporter -->
<testsuite hostname="TYSS-Aishwarya" failures="0" tests="1" name="MyntraTestCases.Myntra2Test" time="133.184" errors="0" timestamp="2022-08-24T18:55:36 IST" skipped="0">
  <testcase classname="MyntraTestCases.Myntra2Test" name="Myntra2TC" time="133.184"/>
  <system-out>
    <![CDATA[Enter the OTP
TestCase 2 is success]]>
  </system-out>
</testsuite> <!-- MyntraTestCases.Myntra2Test -->
