<?xml version="1.0" encoding="UTF-8"?>
<!-- Generated by org.testng.reporters.JUnitReportReporter -->
<testsuite hostname="TYSS-Aishwarya" failures="0" tests="1" name="MyntraTestCases.Myntra3Test" time="34.882" errors="0" timestamp="2022-08-24T18:56:21 IST" skipped="0">
  <testcase classname="MyntraTestCases.Myntra3Test" name="Myntra3TC" time="34.882"/>
  <system-out>
    <![CDATA[TestCase 3 is success]]>
  </system-out>
</testsuite> <!-- MyntraTestCases.Myntra3Test -->
