<?xml version="1.0" encoding="UTF-8"?>
<!-- Generated by org.testng.reporters.JUnitReportReporter -->
<testsuite skipped="0" hostname="TYSS-Aishwarya" name="MyntraTestCases.Myntra1Test" tests="1" failures="0" timestamp="2022-08-28T13:12:27 IST" time="54.479" errors="0">
  <testcase name="ScenarioTestCases" time="54.479" classname="MyntraTestCases.Myntra1Test"/>
  <system-out>
    <![CDATA[Prod success
placeorder button success
TestCase 1 is success]]>
  </system-out>
</testsuite> <!-- MyntraTestCases.Myntra1Test -->
